{"C:\\Users\\user\\Desktop\\моё\\уник\\2 курс\\4 семестр\\Visual-Proga\\lab1\\src\\tasks.ts": {"path":"C:\\Users\\user\\Desktop\\моё\\уник\\2 курс\\4 семестр\\Visual-Proga\\lab1\\src\\tasks.ts","all":false,"statementMap":{"0":{"start":{"line":1,"column":0},"end":{"line":1,"column":34}},"1":{"start":{"line":2,"column":0},"end":{"line":2,"column":23}},"2":{"start":{"line":3,"column":0},"end":{"line":3,"column":15}},"3":{"start":{"line":4,"column":0},"end":{"line":4,"column":17}},"4":{"start":{"line":5,"column":0},"end":{"line":5,"column":19}},"5":{"start":{"line":6,"column":0},"end":{"line":6,"column":23}},"6":{"start":{"line":7,"column":0},"end":{"line":7,"column":1}},"7":{"start":{"line":8,"column":0},"end":{"line":8,"column":0}},"8":{"start":{"line":9,"column":0},"end":{"line":9,"column":102}},"9":{"start":{"line":10,"column":0},"end":{"line":10,"column":41}},"10":{"start":{"line":11,"column":0},"end":{"line":11,"column":1}},"11":{"start":{"line":12,"column":0},"end":{"line":12,"column":0}},"12":{"start":{"line":13,"column":0},"end":{"line":13,"column":34}},"13":{"start":{"line":14,"column":0},"end":{"line":14,"column":23}},"14":{"start":{"line":15,"column":0},"end":{"line":15,"column":18}},"15":{"start":{"line":16,"column":0},"end":{"line":16,"column":19}},"16":{"start":{"line":17,"column":0},"end":{"line":17,"column":18}},"17":{"start":{"line":18,"column":0},"end":{"line":18,"column":37}},"18":{"start":{"line":19,"column":0},"end":{"line":19,"column":1}},"19":{"start":{"line":20,"column":0},"end":{"line":20,"column":0}},"20":{"start":{"line":21,"column":0},"end":{"line":21,"column":46}},"21":{"start":{"line":22,"column":0},"end":{"line":22,"column":16}},"22":{"start":{"line":23,"column":0},"end":{"line":23,"column":1}},"23":{"start":{"line":24,"column":0},"end":{"line":24,"column":0}},"24":{"start":{"line":25,"column":0},"end":{"line":25,"column":34}},"25":{"start":{"line":26,"column":0},"end":{"line":26,"column":71}},"26":{"start":{"line":27,"column":0},"end":{"line":27,"column":69}},"27":{"start":{"line":28,"column":0},"end":{"line":28,"column":82}},"28":{"start":{"line":29,"column":0},"end":{"line":29,"column":29}},"29":{"start":{"line":30,"column":0},"end":{"line":30,"column":39}},"30":{"start":{"line":31,"column":0},"end":{"line":31,"column":12}},"31":{"start":{"line":32,"column":0},"end":{"line":32,"column":29}},"32":{"start":{"line":33,"column":0},"end":{"line":33,"column":5}},"33":{"start":{"line":34,"column":0},"end":{"line":34,"column":1}},"34":{"start":{"line":35,"column":0},"end":{"line":35,"column":0}},"35":{"start":{"line":36,"column":0},"end":{"line":36,"column":34}},"36":{"start":{"line":37,"column":0},"end":{"line":37,"column":51}},"37":{"start":{"line":38,"column":0},"end":{"line":38,"column":0}},"38":{"start":{"line":39,"column":0},"end":{"line":39,"column":56}},"39":{"start":{"line":40,"column":0},"end":{"line":40,"column":44}},"40":{"start":{"line":41,"column":0},"end":{"line":41,"column":45}},"41":{"start":{"line":42,"column":0},"end":{"line":42,"column":18}},"42":{"start":{"line":43,"column":0},"end":{"line":43,"column":1}},"43":{"start":{"line":44,"column":0},"end":{"line":44,"column":0}},"44":{"start":{"line":45,"column":0},"end":{"line":45,"column":34}},"45":{"start":{"line":46,"column":0},"end":{"line":46,"column":75}},"46":{"start":{"line":47,"column":0},"end":{"line":47,"column":0}},"47":{"start":{"line":48,"column":0},"end":{"line":48,"column":77}},"48":{"start":{"line":49,"column":0},"end":{"line":49,"column":60}},"49":{"start":{"line":50,"column":0},"end":{"line":50,"column":49}},"50":{"start":{"line":51,"column":0},"end":{"line":51,"column":18}},"51":{"start":{"line":52,"column":0},"end":{"line":52,"column":2}},"52":{"start":{"line":53,"column":0},"end":{"line":53,"column":0}},"53":{"start":{"line":54,"column":0},"end":{"line":54,"column":75}},"54":{"start":{"line":55,"column":0},"end":{"line":55,"column":28}},"55":{"start":{"line":56,"column":0},"end":{"line":56,"column":49}},"56":{"start":{"line":57,"column":0},"end":{"line":57,"column":18}},"57":{"start":{"line":58,"column":0},"end":{"line":58,"column":2}},"58":{"start":{"line":59,"column":0},"end":{"line":59,"column":0}},"59":{"start":{"line":60,"column":0},"end":{"line":60,"column":34}},"60":{"start":{"line":61,"column":0},"end":{"line":61,"column":61}},"61":{"start":{"line":62,"column":0},"end":{"line":62,"column":47}},"62":{"start":{"line":63,"column":0},"end":{"line":63,"column":1}},"63":{"start":{"line":64,"column":0},"end":{"line":64,"column":0}},"64":{"start":{"line":65,"column":0},"end":{"line":65,"column":34}},"65":{"start":{"line":66,"column":0},"end":{"line":66,"column":24}},"66":{"start":{"line":67,"column":0},"end":{"line":67,"column":15}},"67":{"start":{"line":68,"column":0},"end":{"line":68,"column":1}},"68":{"start":{"line":69,"column":0},"end":{"line":69,"column":0}},"69":{"start":{"line":70,"column":0},"end":{"line":70,"column":82}},"70":{"start":{"line":71,"column":0},"end":{"line":71,"column":44}},"71":{"start":{"line":72,"column":0},"end":{"line":72,"column":33}},"72":{"start":{"line":73,"column":0},"end":{"line":73,"column":28}},"73":{"start":{"line":74,"column":0},"end":{"line":74,"column":9}},"74":{"start":{"line":75,"column":0},"end":{"line":75,"column":5}},"75":{"start":{"line":76,"column":0},"end":{"line":76,"column":21}},"76":{"start":{"line":77,"column":0},"end":{"line":77,"column":1}}},"s":{"0":1,"1":1,"2":1,"3":1,"4":1,"5":1,"6":1,"7":1,"8":1,"9":4,"10":4,"11":1,"12":1,"13":1,"14":1,"15":1,"16":1,"17":1,"18":1,"19":1,"20":1,"21":4,"22":4,"23":1,"24":1,"25":1,"26":1,"27":1,"28":4,"29":2,"30":2,"31":2,"32":2,"33":4,"34":1,"35":1,"36":1,"37":1,"38":1,"39":6,"40":6,"41":2,"42":2,"43":1,"44":1,"45":1,"46":1,"47":1,"48":4,"49":4,"50":4,"51":4,"52":1,"53":1,"54":4,"55":4,"56":4,"57":4,"58":1,"59":1,"60":1,"61":4,"62":4,"63":1,"64":1,"65":1,"66":1,"67":1,"68":1,"69":1,"70":4,"71":6,"72":2,"73":2,"74":6,"75":2,"76":2},"branchMap":{"0":{"type":"branch","line":9,"loc":{"start":{"line":9,"column":7},"end":{"line":11,"column":1}},"locations":[{"start":{"line":9,"column":7},"end":{"line":11,"column":1}}]},"1":{"type":"branch","line":21,"loc":{"start":{"line":21,"column":7},"end":{"line":23,"column":1}},"locations":[{"start":{"line":21,"column":7},"end":{"line":23,"column":1}}]},"2":{"type":"branch","line":28,"loc":{"start":{"line":28,"column":7},"end":{"line":34,"column":1}},"locations":[{"start":{"line":28,"column":7},"end":{"line":34,"column":1}}]},"3":{"type":"branch","line":29,"loc":{"start":{"line":29,"column":28},"end":{"line":33,"column":5}},"locations":[{"start":{"line":29,"column":28},"end":{"line":33,"column":5}}]},"4":{"type":"branch","line":39,"loc":{"start":{"line":39,"column":7},"end":{"line":43,"column":1}},"locations":[{"start":{"line":39,"column":7},"end":{"line":43,"column":1}}]},"5":{"type":"branch","line":40,"loc":{"start":{"line":40,"column":29},"end":{"line":40,"column":44}},"locations":[{"start":{"line":40,"column":29},"end":{"line":40,"column":44}}]},"6":{"type":"branch","line":40,"loc":{"start":{"line":40,"column":36},"end":{"line":41,"column":38}},"locations":[{"start":{"line":40,"column":36},"end":{"line":41,"column":38}}]},"7":{"type":"branch","line":41,"loc":{"start":{"line":41,"column":31},"end":{"line":43,"column":1}},"locations":[{"start":{"line":41,"column":31},"end":{"line":43,"column":1}}]},"8":{"type":"branch","line":48,"loc":{"start":{"line":48,"column":48},"end":{"line":52,"column":2}},"locations":[{"start":{"line":48,"column":48},"end":{"line":52,"column":2}}]},"9":{"type":"branch","line":50,"loc":{"start":{"line":50,"column":19},"end":{"line":50,"column":49}},"locations":[{"start":{"line":50,"column":19},"end":{"line":50,"column":49}}]},"10":{"type":"branch","line":54,"loc":{"start":{"line":54,"column":46},"end":{"line":58,"column":2}},"locations":[{"start":{"line":54,"column":46},"end":{"line":58,"column":2}}]},"11":{"type":"branch","line":56,"loc":{"start":{"line":56,"column":19},"end":{"line":56,"column":49}},"locations":[{"start":{"line":56,"column":19},"end":{"line":56,"column":49}}]},"12":{"type":"branch","line":61,"loc":{"start":{"line":61,"column":7},"end":{"line":63,"column":1}},"locations":[{"start":{"line":61,"column":7},"end":{"line":63,"column":1}}]},"13":{"type":"branch","line":62,"loc":{"start":{"line":62,"column":24},"end":{"line":62,"column":37}},"locations":[{"start":{"line":62,"column":24},"end":{"line":62,"column":37}}]},"14":{"type":"branch","line":62,"loc":{"start":{"line":62,"column":33},"end":{"line":62,"column":47}},"locations":[{"start":{"line":62,"column":33},"end":{"line":62,"column":47}}]},"15":{"type":"branch","line":70,"loc":{"start":{"line":70,"column":7},"end":{"line":77,"column":1}},"locations":[{"start":{"line":70,"column":7},"end":{"line":77,"column":1}}]},"16":{"type":"branch","line":71,"loc":{"start":{"line":71,"column":43},"end":{"line":75,"column":5}},"locations":[{"start":{"line":71,"column":43},"end":{"line":75,"column":5}}]},"17":{"type":"branch","line":72,"loc":{"start":{"line":72,"column":32},"end":{"line":74,"column":9}},"locations":[{"start":{"line":72,"column":32},"end":{"line":74,"column":9}}]},"18":{"type":"branch","line":75,"loc":{"start":{"line":75,"column":4},"end":{"line":77,"column":1}},"locations":[{"start":{"line":75,"column":4},"end":{"line":77,"column":1}}]}},"b":{"0":[4],"1":[4],"2":[4],"3":[2],"4":[6],"5":[2],"6":[4],"7":[2],"8":[4],"9":[1],"10":[4],"11":[1],"12":[4],"13":[3],"14":[1],"15":[4],"16":[6],"17":[2],"18":[2]},"fnMap":{"0":{"name":"createUser","decl":{"start":{"line":9,"column":7},"end":{"line":11,"column":1}},"loc":{"start":{"line":9,"column":7},"end":{"line":11,"column":1}},"line":9},"1":{"name":"createBook","decl":{"start":{"line":21,"column":7},"end":{"line":23,"column":1}},"loc":{"start":{"line":21,"column":7},"end":{"line":23,"column":1}},"line":21},"2":{"name":"calculateArea","decl":{"start":{"line":28,"column":7},"end":{"line":34,"column":1}},"loc":{"start":{"line":28,"column":7},"end":{"line":34,"column":1}},"line":28},"3":{"name":"getStatusColor","decl":{"start":{"line":39,"column":7},"end":{"line":43,"column":1}},"loc":{"start":{"line":39,"column":7},"end":{"line":43,"column":1}},"line":39},"4":{"name":"capitalizeFirst","decl":{"start":{"line":48,"column":48},"end":{"line":52,"column":2}},"loc":{"start":{"line":48,"column":48},"end":{"line":52,"column":2}},"line":48},"5":{"name":"trimAndFormat","decl":{"start":{"line":54,"column":46},"end":{"line":58,"column":2}},"loc":{"start":{"line":54,"column":46},"end":{"line":58,"column":2}},"line":54},"6":{"name":"getFirstElement","decl":{"start":{"line":61,"column":7},"end":{"line":63,"column":1}},"loc":{"start":{"line":61,"column":7},"end":{"line":63,"column":1}},"line":61},"7":{"name":"findById","decl":{"start":{"line":70,"column":7},"end":{"line":77,"column":1}},"loc":{"start":{"line":70,"column":7},"end":{"line":77,"column":1}},"line":70}},"f":{"0":4,"1":4,"2":4,"3":6,"4":4,"5":4,"6":4,"7":4}}
}
